<?xml version="1.0" encoding="UTF-8"?>
<testsuite xmlns:xsi="http://www.w3.org/2001/XMLSchema-instance" xsi:noNamespaceSchemaLocation="https://maven.apache.org/surefire/maven-surefire-plugin/xsd/surefire-test-report-3.0.xsd" version="3.0" name="com.camunda.urlaub.UrlaubProcessApplicationTests" time="6.609" tests="1" errors="0" skipped="0" failures="0">
  <properties>
[...]
</properties>
  <testcase name="contextLoads" classname="com.camunda.urlaub.UrlaubProcessApplicationTests" time="0.403">
    <system-out><![CDATA[Standard Commons Logging discovery in action with spring-jcl: please remove commons-logging.jar from classpath in order to avoid potential conflicts
16:42:19.489 [main] INFO org.springframework.test.context.support.AnnotationConfigContextLoaderUtils -- Could not detect default configuration classes for test class [com.camunda.urlaub.UrlaubProcessApplicationTests]: UrlaubProcessApplicationTests does not declare any static, non-private, non-final, nested classes annotated with @Configuration.
16:42:19.620 [main] INFO org.springframework.boot.test.context.SpringBootTestContextBootstrapper -- Found @SpringBootConfiguration com.camunda.urlaub.UrlaubProcessApplication for test class com.camunda.urlaub.UrlaubProcessApplicationTests

  .   ____          _            __ _ _
 /\\ / ___'_ __ _ _(_)_ __  __ _ \ \ \ \
( ( )\___ | '_ | '_| | '_ \/ _` | \ \ \ \
 \\/  ___)| |_)| | | | | || (_| |  ) ) ) )
  '  |____| .__|_| |_|_| |_\__, | / / / /
 =========|_|==============|___/=/_/_/_/
 :: Spring Boot ::                (v3.2.2)

2025-08-12T16:42:20.030+02:00  INFO 33384 --- [urlaub-process] [           main] c.c.u.UrlaubProcessApplicationTests      : Starting UrlaubProcessApplicationTests using Java 24.0.2 with PID 33384 (started by mengers in C:\Users\mengers\Pictures\Git\Camunda-Urlaub)
2025-08-12T16:42:20.030+02:00 DEBUG 33384 --- [urlaub-process] [           main] c.c.u.UrlaubProcessApplicationTests      : Running with Spring Boot v3.2.2, Spring v6.1.3
2025-08-12T16:42:20.030+02:00  INFO 33384 --- [urlaub-process] [           main] c.c.u.UrlaubProcessApplicationTests      : No active profile set, falling back to 1 default profile: "default"
2025-08-12T16:42:20.969+02:00  INFO 33384 --- [urlaub-process] [           main] .s.d.r.c.RepositoryConfigurationDelegate : Bootstrapping Spring Data JPA repositories in DEFAULT mode.
2025-08-12T16:42:21.031+02:00  INFO 33384 --- [urlaub-process] [           main] .s.d.r.c.RepositoryConfigurationDelegate : Finished Spring Data repository scanning in 55 ms. Found 1 JPA repository interface.
2025-08-12T16:42:21.276+02:00  WARN 33384 --- [urlaub-process] [           main] trationDelegate$BeanPostProcessorChecker : Bean 'io.camunda.zeebe.spring.client.annotation.processor.AnnotationProcessorConfiguration' of type [io.camunda.zeebe.spring.client.annotation.processor.AnnotationProcessorConfiguration] is not eligible for getting processed by all BeanPostProcessors (for example: not eligible for auto-proxying). The currently created BeanPostProcessor [zeebeAnnotationProcessorRegistry] is declared through a non-static factory method on that class; consider declaring it as static instead.
2025-08-12T16:42:21.280+02:00  WARN 33384 --- [urlaub-process] [           main] trationDelegate$BeanPostProcessorChecker : Bean 'deploymentPostProcessor' of type [io.camunda.zeebe.spring.client.annotation.processor.ZeebeDeploymentAnnotationProcessor] is not eligible for getting processed by all BeanPostProcessors (for example: not eligible for auto-proxying). Is this bean getting eagerly injected into a currently created BeanPostProcessor [zeebeAnnotationProcessorRegistry]? Check the corresponding BeanPostProcessor declaration and its dependencies.
2025-08-12T16:42:21.295+02:00  WARN 33384 --- [urlaub-process] [           main] trationDelegate$BeanPostProcessorChecker : Bean 'zeebe.client-io.camunda.zeebe.spring.client.properties.ZeebeClientConfigurationProperties' of type [io.camunda.zeebe.spring.client.properties.ZeebeClientConfigurationProperties] is not eligible for getting processed by all BeanPostProcessors (for example: not eligible for auto-proxying). Is this bean getting eagerly injected into a currently created BeanPostProcessor [zeebeAnnotationProcessorRegistry]? Check the corresponding BeanPostProcessor declaration and its dependencies.
2025-08-12T16:42:21.295+02:00  WARN 33384 --- [urlaub-process] [           main] trationDelegate$BeanPostProcessorChecker : Bean 'io.camunda.zeebe.spring.client.configuration.ZeebeClientAllAutoConfiguration' of type [io.camunda.zeebe.spring.client.configuration.ZeebeClientAllAutoConfiguration] is not eligible for getting processed by all BeanPostProcessors (for example: not eligible for auto-proxying). Is this bean getting eagerly injected into a currently created BeanPostProcessor [zeebeAnnotationProcessorRegistry]? Check the corresponding BeanPostProcessor declaration and its dependencies.
2025-08-12T16:42:21.297+02:00  WARN 33384 --- [urlaub-process] [           main] trationDelegate$BeanPostProcessorChecker : Bean 'zeebeClientExecutorService' of type [io.camunda.zeebe.spring.client.jobhandling.ZeebeClientExecutorService] is not eligible for getting processed by all BeanPostProcessors (for example: not eligible for auto-proxying). Is this bean getting eagerly injected into a currently created BeanPostProcessor [zeebeAnnotationProcessorRegistry]? Check the corresponding BeanPostProcessor declaration and its dependencies.
2025-08-12T16:42:21.300+02:00  WARN 33384 --- [urlaub-process] [           main] trationDelegate$BeanPostProcessorChecker : Bean 'commandExceptionHandlingStrategy' of type [io.camunda.zeebe.spring.client.jobhandling.DefaultCommandExceptionHandlingStrategy] is not eligible for getting processed by all BeanPostProcessors (for example: not eligible for auto-proxying). Is this bean getting eagerly injected into a currently created BeanPostProcessor [zeebeAnnotationProcessorRegistry]? Check the corresponding BeanPostProcessor declaration and its dependencies.
2025-08-12T16:42:21.304+02:00  WARN 33384 --- [urlaub-process] [           main] trationDelegate$BeanPostProcessorChecker : Bean 'io.camunda.zeebe.spring.client.CamundaAutoConfiguration' of type [io.camunda.zeebe.spring.client.CamundaAutoConfiguration$$SpringCGLIB$$0] is not eligible for getting processed by all BeanPostProcessors (for example: not eligible for auto-proxying). Is this bean getting eagerly injected into a currently created BeanPostProcessor [zeebeAnnotationProcessorRegistry]? Check the corresponding BeanPostProcessor declaration and its dependencies.
2025-08-12T16:42:21.305+02:00  WARN 33384 --- [urlaub-process] [           main] trationDelegate$BeanPostProcessorChecker : Bean 'org.springframework.boot.autoconfigure.jackson.JacksonAutoConfiguration$JacksonObjectMapperConfiguration' of type [org.springframework.boot.autoconfigure.jackson.JacksonAutoConfiguration$JacksonObjectMapperConfiguration] is not eligible for getting processed by all BeanPostProcessors (for example: not eligible for auto-proxying). Is this bean getting eagerly injected into a currently created BeanPostProcessor [zeebeAnnotationProcessorRegistry]? Check the corresponding BeanPostProcessor declaration and its dependencies.
2025-08-12T16:42:21.305+02:00  WARN 33384 --- [urlaub-process] [           main] trationDelegate$BeanPostProcessorChecker : Bean 'org.springframework.boot.autoconfigure.jackson.JacksonAutoConfiguration$JacksonObjectMapperBuilderConfiguration' of type [org.springframework.boot.autoconfigure.jackson.JacksonAutoConfiguration$JacksonObjectMapperBuilderConfiguration] is not eligible for getting processed by all BeanPostProcessors (for example: not eligible for auto-proxying). Is this bean getting eagerly injected into a currently created BeanPostProcessor [zeebeAnnotationProcessorRegistry]? Check the corresponding BeanPostProcessor declaration and its dependencies.
2025-08-12T16:42:21.306+02:00  WARN 33384 --- [urlaub-process] [           main] trationDelegate$BeanPostProcessorChecker : Bean 'org.springframework.boot.autoconfigure.jackson.JacksonAutoConfiguration$Jackson2ObjectMapperBuilderCustomizerConfiguration' of type [org.springframework.boot.autoconfigure.jackson.JacksonAutoConfiguration$Jackson2ObjectMapperBuilderCustomizerConfiguration] is not eligible for getting processed by all BeanPostProcessors (for example: not eligible for auto-proxying). Is this bean getting eagerly injected into a currently created BeanPostProcessor [zeebeAnnotationProcessorRegistry]? Check the corresponding BeanPostProcessor declaration and its dependencies.
2025-08-12T16:42:21.314+02:00  WARN 33384 --- [urlaub-process] [           main] trationDelegate$BeanPostProcessorChecker : Bean 'spring.jackson-org.springframework.boot.autoconfigure.jackson.JacksonProperties' of type [org.springframework.boot.autoconfigure.jackson.JacksonProperties] is not eligible for getting processed by all BeanPostProcessors (for example: not eligible for auto-proxying). Is this bean getting eagerly injected into a currently created BeanPostProcessor [zeebeAnnotationProcessorRegistry]? Check the corresponding BeanPostProcessor declaration and its dependencies.
2025-08-12T16:42:21.316+02:00  WARN 33384 --- [urlaub-process] [           main] trationDelegate$BeanPostProcessorChecker : Bean 'org.springframework.boot.autoconfigure.jackson.JacksonAutoConfiguration$ParameterNamesModuleConfiguration' of type [org.springframework.boot.autoconfigure.jackson.JacksonAutoConfiguration$ParameterNamesModuleConfiguration] is not eligible for getting processed by all BeanPostProcessors (for example: not eligible for auto-proxying). Is this bean getting eagerly injected into a currently created BeanPostProcessor [zeebeAnnotationProcessorRegistry]? Check the corresponding BeanPostProcessor declaration and its dependencies.
2025-08-12T16:42:21.321+02:00  WARN 33384 --- [urlaub-process] [           main] trationDelegate$BeanPostProcessorChecker : Bean 'parameterNamesModule' of type [com.fasterxml.jackson.module.paramnames.ParameterNamesModule] is not eligible for getting processed by all BeanPostProcessors (for example: not eligible for auto-proxying). Is this bean getting eagerly injected into a currently created BeanPostProcessor [zeebeAnnotationProcessorRegistry]? Check the corresponding BeanPostProcessor declaration and its dependencies.
2025-08-12T16:42:21.322+02:00  WARN 33384 --- [urlaub-process] [           main] trationDelegate$BeanPostProcessorChecker : Bean 'org.springframework.boot.autoconfigure.jackson.JacksonAutoConfiguration$JacksonMixinConfiguration' of type [org.springframework.boot.autoconfigure.jackson.JacksonAutoConfiguration$JacksonMixinConfiguration] is not eligible for getting processed by all BeanPostProcessors (for example: not eligible for auto-proxying). Is this bean getting eagerly injected into a currently created BeanPostProcessor [zeebeAnnotationProcessorRegistry]? Check the corresponding BeanPostProcessor declaration and its dependencies.
2025-08-12T16:42:21.329+02:00  WARN 33384 --- [urlaub-process] [           main] trationDelegate$BeanPostProcessorChecker : Bean 'jsonMixinModuleEntries' of type [org.springframework.boot.jackson.JsonMixinModuleEntries] is not eligible for getting processed by all BeanPostProcessors (for example: not eligible for auto-proxying). Is this bean getting eagerly injected into a currently created BeanPostProcessor [zeebeAnnotationProcessorRegistry]? Check the corresponding BeanPostProcessor declaration and its dependencies.
2025-08-12T16:42:21.332+02:00  WARN 33384 --- [urlaub-process] [           main] trationDelegate$BeanPostProcessorChecker : Bean 'jsonMixinModule' of type [org.springframework.boot.jackson.JsonMixinModule] is not eligible for getting processed by all BeanPostProcessors (for example: not eligible for auto-proxying). Is this bean getting eagerly injected into a currently created BeanPostProcessor [zeebeAnnotationProcessorRegistry]? Check the corresponding BeanPostProcessor declaration and its dependencies.
2025-08-12T16:42:21.333+02:00  WARN 33384 --- [urlaub-process] [           main] trationDelegate$BeanPostProcessorChecker : Bean 'org.springframework.boot.autoconfigure.jackson.JacksonAutoConfiguration' of type [org.springframework.boot.autoconfigure.jackson.JacksonAutoConfiguration] is not eligible for getting processed by all BeanPostProcessors (for example: not eligible for auto-proxying). Is this bean getting eagerly injected into a currently created BeanPostProcessor [zeebeAnnotationProcessorRegistry]? Check the corresponding BeanPostProcessor declaration and its dependencies.
2025-08-12T16:42:21.337+02:00  WARN 33384 --- [urlaub-process] [           main] trationDelegate$BeanPostProcessorChecker : Bean 'jsonComponentModule' of type [org.springframework.boot.jackson.JsonComponentModule] is not eligible for getting processed by all BeanPostProcessors (for example: not eligible for auto-proxying). Is this bean getting eagerly injected into a currently created BeanPostProcessor [zeebeAnnotationProcessorRegistry]? Check the corresponding BeanPostProcessor declaration and its dependencies.
2025-08-12T16:42:21.337+02:00  WARN 33384 --- [urlaub-process] [           main] trationDelegate$BeanPostProcessorChecker : Bean 'org.springframework.data.web.config.SpringDataJacksonConfiguration' of type [org.springframework.data.web.config.SpringDataJacksonConfiguration] is not eligible for getting processed by all BeanPostProcessors (for example: not eligible for auto-proxying). Is this bean getting eagerly injected into a currently created BeanPostProcessor [zeebeAnnotationProcessorRegistry]? Check the corresponding BeanPostProcessor declaration and its dependencies.
2025-08-12T16:42:21.343+02:00  WARN 33384 --- [urlaub-process] [           main] trationDelegate$BeanPostProcessorChecker : Bean 'jacksonGeoModule' of type [org.springframework.data.geo.GeoModule] is not eligible for getting processed by all BeanPostProcessors (for example: not eligible for auto-proxying). Is this bean getting eagerly injected into a currently created BeanPostProcessor [zeebeAnnotationProcessorRegistry]? Check the corresponding BeanPostProcessor declaration and its dependencies.
2025-08-12T16:42:21.346+02:00  WARN 33384 --- [urlaub-process] [           main] trationDelegate$BeanPostProcessorChecker : Bean 'pageModule' of type [org.springframework.data.web.config.SpringDataJacksonConfiguration$PageModule] is not eligible for getting processed by all BeanPostProcessors (for example: not eligible for auto-proxying). Is this bean getting eagerly injected into a currently created BeanPostProcessor [zeebeAnnotationProcessorRegistry]? Check the corresponding BeanPostProcessor declaration and its dependencies.
2025-08-12T16:42:21.347+02:00  WARN 33384 --- [urlaub-process] [           main] trationDelegate$BeanPostProcessorChecker : Bean 'standardJacksonObjectMapperBuilderCustomizer' of type [org.springframework.boot.autoconfigure.jackson.JacksonAutoConfiguration$Jackson2ObjectMapperBuilderCustomizerConfiguration$StandardJackson2ObjectMapperBuilderCustomizer] is not eligible for getting processed by all BeanPostProcessors (for example: not eligible for auto-proxying). Is this bean getting eagerly injected into a currently created BeanPostProcessor [zeebeAnnotationProcessorRegistry]? Check the corresponding BeanPostProcessor declaration and its dependencies.
2025-08-12T16:42:21.350+02:00  WARN 33384 --- [urlaub-process] [           main] trationDelegate$BeanPostProcessorChecker : Bean 'jacksonObjectMapperBuilder' of type [org.springframework.http.converter.json.Jackson2ObjectMapperBuilder] is not eligible for getting processed by all BeanPostProcessors (for example: not eligible for auto-proxying). Is this bean getting eagerly injected into a currently created BeanPostProcessor [zeebeAnnotationProcessorRegistry]? Check the corresponding BeanPostProcessor declaration and its dependencies.
2025-08-12T16:42:21.359+02:00  WARN 33384 --- [urlaub-process] [           main] trationDelegate$BeanPostProcessorChecker : Bean 'jacksonObjectMapper' of type [com.fasterxml.jackson.databind.ObjectMapper] is not eligible for getting processed by all BeanPostProcessors (for example: not eligible for auto-proxying). Is this bean getting eagerly injected into a currently created BeanPostProcessor [zeebeAnnotationProcessorRegistry]? Check the corresponding BeanPostProcessor declaration and its dependencies.
2025-08-12T16:42:21.361+02:00  WARN 33384 --- [urlaub-process] [           main] trationDelegate$BeanPostProcessorChecker : Bean 'zeebeJsonMapper' of type [io.camunda.zeebe.client.impl.ZeebeObjectMapper] is not eligible for getting processed by all BeanPostProcessors (for example: not eligible for auto-proxying). Is this bean getting eagerly injected into a currently created BeanPostProcessor [zeebeAnnotationProcessorRegistry]? Check the corresponding BeanPostProcessor declaration and its dependencies.
2025-08-12T16:42:21.361+02:00  WARN 33384 --- [urlaub-process] [           main] trationDelegate$BeanPostProcessorChecker : Bean 'io.camunda.zeebe.spring.client.configuration.MetricsDefaultConfiguration' of type [io.camunda.zeebe.spring.client.configuration.MetricsDefaultConfiguration] is not eligible for getting processed by all BeanPostProcessors (for example: not eligible for auto-proxying). Is this bean getting eagerly injected into a currently created BeanPostProcessor [zeebeAnnotationProcessorRegistry]? Check the corresponding BeanPostProcessor declaration and its dependencies.
2025-08-12T16:42:21.362+02:00  WARN 33384 --- [urlaub-process] [           main] trationDelegate$BeanPostProcessorChecker : Bean 'noopMetricsRecorder' of type [io.camunda.zeebe.spring.client.metrics.DefaultNoopMetricsRecorder] is not eligible for getting processed by all BeanPostProcessors (for example: not eligible for auto-proxying). Is this bean getting eagerly injected into a currently created BeanPostProcessor [zeebeAnnotationProcessorRegistry]? Check the corresponding BeanPostProcessor declaration and its dependencies.
2025-08-12T16:42:21.366+02:00  WARN 33384 --- [urlaub-process] [           main] trationDelegate$BeanPostProcessorChecker : Bean 'jobWorkerManager' of type [io.camunda.zeebe.spring.client.jobhandling.JobWorkerManager] is not eligible for getting processed by all BeanPostProcessors (for example: not eligible for auto-proxying). Is this bean getting eagerly injected into a currently created BeanPostProcessor [zeebeAnnotationProcessorRegistry]? Check the corresponding BeanPostProcessor declaration and its dependencies.
2025-08-12T16:42:21.367+02:00  WARN 33384 --- [urlaub-process] [           main] trationDelegate$BeanPostProcessorChecker : Bean 'propertyBasedZeebeWorkerValueCustomizer' of type [io.camunda.zeebe.spring.client.properties.PropertyBasedZeebeWorkerValueCustomizer] is not eligible for getting processed by all BeanPostProcessors (for example: not eligible for auto-proxying). Is this bean getting eagerly injected into a currently created BeanPostProcessor [zeebeAnnotationProcessorRegistry]? Check the corresponding BeanPostProcessor declaration and its dependencies.
2025-08-12T16:42:21.370+02:00  WARN 33384 --- [urlaub-process] [           main] trationDelegate$BeanPostProcessorChecker : Bean 'zeebeWorkerPostProcessor' of type [io.camunda.zeebe.spring.client.annotation.processor.ZeebeWorkerAnnotationProcessor] is not eligible for getting processed by all BeanPostProcessors (for example: not eligible for auto-proxying). Is this bean getting eagerly injected into a currently created BeanPostProcessor [zeebeAnnotationProcessorRegistry]? Check the corresponding BeanPostProcessor declaration and its dependencies.
2025-08-12T16:42:21.784+02:00  INFO 33384 --- [urlaub-process] [           main] o.hibernate.jpa.internal.util.LogHelper  : HHH000204: Processing PersistenceUnitInfo [name: default]
2025-08-12T16:42:21.858+02:00  INFO 33384 --- [urlaub-process] [           main] org.hibernate.Version                    : HHH000412: Hibernate ORM core version 6.4.1.Final
2025-08-12T16:42:21.886+02:00  INFO 33384 --- [urlaub-process] [           main] o.h.c.internal.RegionFactoryInitiator    : HHH000026: Second-level cache disabled
2025-08-12T16:42:22.084+02:00  INFO 33384 --- [urlaub-process] [           main] o.s.o.j.p.SpringPersistenceUnitInfo      : No LoadTimeWeaver setup: ignoring JPA class transformer
2025-08-12T16:42:22.104+02:00  INFO 33384 --- [urlaub-process] [           main] com.zaxxer.hikari.HikariDataSource       : HikariPool-1 - Starting...
2025-08-12T16:42:22.235+02:00  INFO 33384 --- [urlaub-process] [           main] com.zaxxer.hikari.pool.HikariPool        : HikariPool-1 - Added connection conn0: url=jdbc:h2:mem:testdb user=SA
2025-08-12T16:42:22.236+02:00  INFO 33384 --- [urlaub-process] [           main] com.zaxxer.hikari.HikariDataSource       : HikariPool-1 - Start completed.
2025-08-12T16:42:22.891+02:00  INFO 33384 --- [urlaub-process] [           main] o.h.e.t.j.p.i.JtaPlatformInitiator       : HHH000489: No JTA platform available (set 'hibernate.transaction.jta.platform' to enable JTA platform integration)
Hibernate: drop table if exists mitarbeiter cascade 
Hibernate: create table mitarbeiter (verfuegbare_urlaubstage integer not null, id bigint generated by default as identity, abteilung varchar(255), email varchar(255), name varchar(255) not null unique, personalnummer varchar(255), primary key (id))
2025-08-12T16:42:22.918+02:00  INFO 33384 --- [urlaub-process] [           main] j.LocalContainerEntityManagerFactoryBean : Initialized JPA EntityManagerFactory for persistence unit 'default'
2025-08-12T16:42:23.396+02:00  INFO 33384 --- [urlaub-process] [           main] o.s.d.j.r.query.QueryEnhancerFactory     : Hibernate is in classpath; If applicable, HQL parser will be used.
2025-08-12T16:42:23.800+02:00 ERROR 33384 --- [urlaub-process] [           main] i.c.c.auth.DefaultNoopAuthentication     : Unable to determine authentication. Please check your configuration
2025-08-12T16:42:23.839+02:00  INFO 33384 --- [urlaub-process] [           main] z.s.c.c.ZeebeClientProdAutoConfiguration : Creating ZeebeClient using ZeebeClientConfiguration [io.camunda.zeebe.spring.client.configuration.ZeebeClientConfiguration@15eaa2ce]
2025-08-12T16:42:24.330+02:00  INFO 33384 --- [urlaub-process] [           main] z.s.c.a.p.ZeebeWorkerAnnotationProcessor : Configuring 1 Zeebe worker(s) of bean 'mitarbeiterDatenWorker': [ZeebeWorkerValue{type='get-mitarbeiter-daten', name='mitarbeiterDatenWorker#getMitarbeiterDaten', timeout=-1, maxJobsActive=-1, requestTimeout=-1, pollInterval=-1, autoComplete=true, fetchVariables=[], enabled=true, methodInfo=io.camunda.zeebe.spring.client.bean.MethodInfo@64641bb2}]
2025-08-12T16:42:24.337+02:00  INFO 33384 --- [urlaub-process] [           main] z.s.c.a.p.ZeebeWorkerAnnotationProcessor : Configuring 2 Zeebe worker(s) of bean 'urlaubGenehmigungWorker': [ZeebeWorkerValue{type='urlaub-ablehnen', name='urlaubGenehmigungWorker#urlaubAblehnen', timeout=-1, maxJobsActive=-1, requestTimeout=-1, pollInterval=-1, autoComplete=true, fetchVariables=[], enabled=true, methodInfo=io.camunda.zeebe.spring.client.bean.MethodInfo@1e9d5d79}, ZeebeWorkerValue{type='urlaub-genehmigen', name='urlaubGenehmigungWorker#urlaubGenehmigen', timeout=-1, maxJobsActive=-1, requestTimeout=-1, pollInterval=-1, autoComplete=true, fetchVariables=[], enabled=true, methodInfo=io.camunda.zeebe.spring.client.bean.MethodInfo@5ae06c93}]
2025-08-12T16:42:24.493+02:00  WARN 33384 --- [urlaub-process] [           main] JpaBaseConfiguration$JpaWebConfiguration : spring.jpa.open-in-view is enabled by default. Therefore, database queries may be performed during view rendering. Explicitly configure spring.jpa.open-in-view to disable this warning
2025-08-12T16:42:25.163+02:00  INFO 33384 --- [urlaub-process] [           main] o.s.b.a.h2.H2ConsoleAutoConfiguration    : H2 console available at '/h2-console'. Database available at 'jdbc:h2:mem:testdb'
2025-08-12T16:42:25.233+02:00  INFO 33384 --- [urlaub-process] [           main] o.s.b.a.e.web.EndpointLinksResolver      : Exposing 1 endpoint(s) beneath base path '/actuator'
2025-08-12T16:42:25.277+02:00  INFO 33384 --- [urlaub-process] [           main] i.c.z.s.c.jobhandling.JobWorkerManager   : . Starting Zeebe worker: ZeebeWorkerValue{type='get-mitarbeiter-daten', name='mitarbeiterDatenWorker#getMitarbeiterDaten', timeout=-1, maxJobsActive=-1, requestTimeout=-1, pollInterval=-1, autoComplete=true, fetchVariables=[], enabled=true, methodInfo=io.camunda.zeebe.spring.client.bean.MethodInfo@64641bb2}
2025-08-12T16:42:25.278+02:00  INFO 33384 --- [urlaub-process] [           main] i.c.z.s.c.jobhandling.JobWorkerManager   : . Starting Zeebe worker: ZeebeWorkerValue{type='urlaub-ablehnen', name='urlaubGenehmigungWorker#urlaubAblehnen', timeout=-1, maxJobsActive=-1, requestTimeout=-1, pollInterval=-1, autoComplete=true, fetchVariables=[], enabled=true, methodInfo=io.camunda.zeebe.spring.client.bean.MethodInfo@1e9d5d79}
2025-08-12T16:42:25.278+02:00  INFO 33384 --- [urlaub-process] [           main] i.c.z.s.c.jobhandling.JobWorkerManager   : . Starting Zeebe worker: ZeebeWorkerValue{type='urlaub-genehmigen', name='urlaubGenehmigungWorker#urlaubGenehmigen', timeout=-1, maxJobsActive=-1, requestTimeout=-1, pollInterval=-1, autoComplete=true, fetchVariables=[], enabled=true, methodInfo=io.camunda.zeebe.spring.client.bean.MethodInfo@5ae06c93}
2025-08-12T16:42:25.289+02:00  INFO 33384 --- [urlaub-process] [           main] c.c.u.UrlaubProcessApplicationTests      : Started UrlaubProcessApplicationTests in 5.552 seconds (process running for 7.274)
2025-08-12T16:42:25.295+02:00  INFO 33384 --- [urlaub-process] [           main] c.camunda.urlaub.config.DataInitializer  : Initializing database with test data...
Hibernate: select count(*) from mitarbeiter m1_0
Hibernate: insert into mitarbeiter (abteilung,email,name,personalnummer,verfuegbare_urlaubstage,id) values (?,?,?,?,?,default)
Hibernate: insert into mitarbeiter (abteilung,email,name,personalnummer,verfuegbare_urlaubstage,id) values (?,?,?,?,?,default)
Hibernate: insert into mitarbeiter (abteilung,email,name,personalnummer,verfuegbare_urlaubstage,id) values (?,?,?,?,?,default)
Hibernate: insert into mitarbeiter (abteilung,email,name,personalnummer,verfuegbare_urlaubstage,id) values (?,?,?,?,?,default)
Hibernate: select count(*) from mitarbeiter m1_0
2025-08-12T16:42:25.552+02:00  INFO 33384 --- [urlaub-process] [           main] c.camunda.urlaub.config.DataInitializer  : Created 4 employees in database
2025-08-12T16:42:25.649+02:00  WARN 33384 --- [urlaub-process] [ault-executor-4] io.camunda.zeebe.client.job.poller       : Failed to activate jobs for worker urlaubGenehmigungWorker#urlaubAblehnen and job type urlaub-ablehnen

io.grpc.StatusRuntimeException: UNAVAILABLE: io exception
	at io.grpc.Status.asRuntimeException(Status.java:537) ~[grpc-api-1.60.0.jar:1.60.0]
	at io.grpc.stub.ClientCalls$StreamObserverToCallListenerAdapter.onClose(ClientCalls.java:481) ~[grpc-stub-1.60.0.jar:1.60.0]
	at io.grpc.internal.ClientCallImpl.closeObserver(ClientCallImpl.java:574) ~[grpc-core-1.60.0.jar:1.60.0]
	at io.grpc.internal.ClientCallImpl.access$300(ClientCallImpl.java:72) ~[grpc-core-1.60.0.jar:1.60.0]
	at io.grpc.internal.ClientCallImpl$ClientStreamListenerImpl$1StreamClosed.runInternal(ClientCallImpl.java:742) ~[grpc-core-1.60.0.jar:1.60.0]
	at io.grpc.internal.ClientCallImpl$ClientStreamListenerImpl$1StreamClosed.runInContext(ClientCallImpl.java:723) ~[grpc-core-1.60.0.jar:1.60.0]
	at io.grpc.internal.ContextRunnable.run(ContextRunnable.java:37) ~[grpc-core-1.60.0.jar:1.60.0]
	at io.grpc.internal.SerializingExecutor.run(SerializingExecutor.java:133) ~[grpc-core-1.60.0.jar:1.60.0]
	at java.base/java.util.concurrent.ThreadPoolExecutor.runWorker(ThreadPoolExecutor.java:1095) ~[na:na]
	at java.base/java.util.concurrent.ThreadPoolExecutor$Worker.run(ThreadPoolExecutor.java:619) ~[na:na]
	at java.base/java.lang.Thread.run(Thread.java:1447) ~[na:na]
Caused by: io.netty.channel.AbstractChannel$AnnotatedConnectException: Connection refused: getsockopt: /0.0.0.0:26500
Caused by: java.net.ConnectException: Connection refused: getsockopt
	at java.base/sun.nio.ch.Net.pollConnect(Native Method) ~[na:na]
	at java.base/sun.nio.ch.Net.pollConnectNow(Net.java:628) ~[na:na]
	at java.base/sun.nio.ch.SocketChannelImpl.finishConnect(SocketChannelImpl.java:1046) ~[na:na]
	at io.netty.channel.socket.nio.NioSocketChannel.doFinishConnect(NioSocketChannel.java:337) ~[netty-transport-4.1.105.Final.jar:4.1.105.Final]
	at io.netty.channel.nio.AbstractNioChannel$AbstractNioUnsafe.finishConnect(AbstractNioChannel.java:335) ~[netty-transport-4.1.105.Final.jar:4.1.105.Final]
	at io.netty.channel.nio.NioEventLoop.processSelectedKey(NioEventLoop.java:776) ~[netty-transport-4.1.105.Final.jar:4.1.105.Final]
	at io.netty.channel.nio.NioEventLoop.processSelectedKeysOptimized(NioEventLoop.java:724) ~[netty-transport-4.1.105.Final.jar:4.1.105.Final]
	at io.netty.channel.nio.NioEventLoop.processSelectedKeys(NioEventLoop.java:650) ~[netty-transport-4.1.105.Final.jar:4.1.105.Final]
	at io.netty.channel.nio.NioEventLoop.run(NioEventLoop.java:562) ~[netty-transport-4.1.105.Final.jar:4.1.105.Final]
	at io.netty.util.concurrent.SingleThreadEventExecutor$4.run(SingleThreadEventExecutor.java:997) ~[netty-common-4.1.105.Final.jar:4.1.105.Final]
	at io.netty.util.internal.ThreadExecutorMap$2.run(ThreadExecutorMap.java:74) ~[netty-common-4.1.105.Final.jar:4.1.105.Final]
	at io.netty.util.concurrent.FastThreadLocalRunnable.run(FastThreadLocalRunnable.java:30) ~[netty-common-4.1.105.Final.jar:4.1.105.Final]
	at java.base/java.lang.Thread.run(Thread.java:1447) ~[na:na]

2025-08-12T16:42:25.649+02:00  WARN 33384 --- [urlaub-process] [ault-executor-5] io.camunda.zeebe.client.job.poller       : Failed to activate jobs for worker mitarbeiterDatenWorker#getMitarbeiterDaten and job type get-mitarbeiter-daten

io.grpc.StatusRuntimeException: UNAVAILABLE: io exception
	at io.grpc.Status.asRuntimeException(Status.java:537) ~[grpc-api-1.60.0.jar:1.60.0]
	at io.grpc.stub.ClientCalls$StreamObserverToCallListenerAdapter.onClose(ClientCalls.java:481) ~[grpc-stub-1.60.0.jar:1.60.0]
	at io.grpc.internal.DelayedClientCall$DelayedListener$3.run(DelayedClientCall.java:489) ~[grpc-core-1.60.0.jar:1.60.0]
	at io.grpc.internal.DelayedClientCall$DelayedListener.delayOrExecute(DelayedClientCall.java:453) ~[grpc-core-1.60.0.jar:1.60.0]
	at io.grpc.internal.DelayedClientCall$DelayedListener.onClose(DelayedClientCall.java:486) ~[grpc-core-1.60.0.jar:1.60.0]
	at io.grpc.internal.ClientCallImpl.closeObserver(ClientCallImpl.java:574) ~[grpc-core-1.60.0.jar:1.60.0]
	at io.grpc.internal.ClientCallImpl.access$300(ClientCallImpl.java:72) ~[grpc-core-1.60.0.jar:1.60.0]
	at io.grpc.internal.ClientCallImpl$ClientStreamListenerImpl$1StreamClosed.runInternal(ClientCallImpl.java:742) ~[grpc-core-1.60.0.jar:1.60.0]
	at io.grpc.internal.ClientCallImpl$ClientStreamListenerImpl$1StreamClosed.runInContext(ClientCallImpl.java:723) ~[grpc-core-1.60.0.jar:1.60.0]
	at io.grpc.internal.ContextRunnable.run(ContextRunnable.java:37) ~[grpc-core-1.60.0.jar:1.60.0]
	at io.grpc.internal.SerializingExecutor.run(SerializingExecutor.java:133) ~[grpc-core-1.60.0.jar:1.60.0]
	at java.base/java.util.concurrent.ThreadPoolExecutor.runWorker(ThreadPoolExecutor.java:1095) ~[na:na]
	at java.base/java.util.concurrent.ThreadPoolExecutor$Worker.run(ThreadPoolExecutor.java:619) ~[na:na]
	at java.base/java.lang.Thread.run(Thread.java:1447) ~[na:na]
Caused by: io.netty.channel.AbstractChannel$AnnotatedConnectException: Connection refused: getsockopt: /0.0.0.0:26500
Caused by: java.net.ConnectException: Connection refused: getsockopt
	at java.base/sun.nio.ch.Net.pollConnect(Native Method) ~[na:na]
	at java.base/sun.nio.ch.Net.pollConnectNow(Net.java:628) ~[na:na]
	at java.base/sun.nio.ch.SocketChannelImpl.finishConnect(SocketChannelImpl.java:1046) ~[na:na]
	at io.netty.channel.socket.nio.NioSocketChannel.doFinishConnect(NioSocketChannel.java:337) ~[netty-transport-4.1.105.Final.jar:4.1.105.Final]
	at io.netty.channel.nio.AbstractNioChannel$AbstractNioUnsafe.finishConnect(AbstractNioChannel.java:335) ~[netty-transport-4.1.105.Final.jar:4.1.105.Final]
	at io.netty.channel.nio.NioEventLoop.processSelectedKey(NioEventLoop.java:776) ~[netty-transport-4.1.105.Final.jar:4.1.105.Final]
	at io.netty.channel.nio.NioEventLoop.processSelectedKeysOptimized(NioEventLoop.java:724) ~[netty-transport-4.1.105.Final.jar:4.1.105.Final]
	at io.netty.channel.nio.NioEventLoop.processSelectedKeys(NioEventLoop.java:650) ~[netty-transport-4.1.105.Final.jar:4.1.105.Final]
	at io.netty.channel.nio.NioEventLoop.run(NioEventLoop.java:562) ~[netty-transport-4.1.105.Final.jar:4.1.105.Final]
	at io.netty.util.concurrent.SingleThreadEventExecutor$4.run(SingleThreadEventExecutor.java:997) ~[netty-common-4.1.105.Final.jar:4.1.105.Final]
	at io.netty.util.internal.ThreadExecutorMap$2.run(ThreadExecutorMap.java:74) ~[netty-common-4.1.105.Final.jar:4.1.105.Final]
	at io.netty.util.concurrent.FastThreadLocalRunnable.run(FastThreadLocalRunnable.java:30) ~[netty-common-4.1.105.Final.jar:4.1.105.Final]
	at java.base/java.lang.Thread.run(Thread.java:1447) ~[na:na]

2025-08-12T16:42:25.649+02:00  WARN 33384 --- [urlaub-process] [ault-executor-3] io.camunda.zeebe.client.job.poller       : Failed to activate jobs for worker urlaubGenehmigungWorker#urlaubGenehmigen and job type urlaub-genehmigen

io.grpc.StatusRuntimeException: UNAVAILABLE: io exception
	at io.grpc.Status.asRuntimeException(Status.java:537) ~[grpc-api-1.60.0.jar:1.60.0]
	at io.grpc.stub.ClientCalls$StreamObserverToCallListenerAdapter.onClose(ClientCalls.java:481) ~[grpc-stub-1.60.0.jar:1.60.0]
	at io.grpc.internal.ClientCallImpl.closeObserver(ClientCallImpl.java:574) ~[grpc-core-1.60.0.jar:1.60.0]
	at io.grpc.internal.ClientCallImpl.access$300(ClientCallImpl.java:72) ~[grpc-core-1.60.0.jar:1.60.0]
	at io.grpc.internal.ClientCallImpl$ClientStreamListenerImpl$1StreamClosed.runInternal(ClientCallImpl.java:742) ~[grpc-core-1.60.0.jar:1.60.0]
	at io.grpc.internal.ClientCallImpl$ClientStreamListenerImpl$1StreamClosed.runInContext(ClientCallImpl.java:723) ~[grpc-core-1.60.0.jar:1.60.0]
	at io.grpc.internal.ContextRunnable.run(ContextRunnable.java:37) ~[grpc-core-1.60.0.jar:1.60.0]
	at io.grpc.internal.SerializingExecutor.run(SerializingExecutor.java:133) ~[grpc-core-1.60.0.jar:1.60.0]
	at java.base/java.util.concurrent.ThreadPoolExecutor.runWorker(ThreadPoolExecutor.java:1095) ~[na:na]
	at java.base/java.util.concurrent.ThreadPoolExecutor$Worker.run(ThreadPoolExecutor.java:619) ~[na:na]
	at java.base/java.lang.Thread.run(Thread.java:1447) ~[na:na]
Caused by: io.netty.channel.AbstractChannel$AnnotatedConnectException: Connection refused: getsockopt: /0.0.0.0:26500
Caused by: java.net.ConnectException: Connection refused: getsockopt
	at java.base/sun.nio.ch.Net.pollConnect(Native Method) ~[na:na]
	at java.base/sun.nio.ch.Net.pollConnectNow(Net.java:628) ~[na:na]
	at java.base/sun.nio.ch.SocketChannelImpl.finishConnect(SocketChannelImpl.java:1046) ~[na:na]
	at io.netty.channel.socket.nio.NioSocketChannel.doFinishConnect(NioSocketChannel.java:337) ~[netty-transport-4.1.105.Final.jar:4.1.105.Final]
	at io.netty.channel.nio.AbstractNioChannel$AbstractNioUnsafe.finishConnect(AbstractNioChannel.java:335) ~[netty-transport-4.1.105.Final.jar:4.1.105.Final]
	at io.netty.channel.nio.NioEventLoop.processSelectedKey(NioEventLoop.java:776) ~[netty-transport-4.1.105.Final.jar:4.1.105.Final]
	at io.netty.channel.nio.NioEventLoop.processSelectedKeysOptimized(NioEventLoop.java:724) ~[netty-transport-4.1.105.Final.jar:4.1.105.Final]
	at io.netty.channel.nio.NioEventLoop.processSelectedKeys(NioEventLoop.java:650) ~[netty-transport-4.1.105.Final.jar:4.1.105.Final]
	at io.netty.channel.nio.NioEventLoop.run(NioEventLoop.java:562) ~[netty-transport-4.1.105.Final.jar:4.1.105.Final]
	at io.netty.util.concurrent.SingleThreadEventExecutor$4.run(SingleThreadEventExecutor.java:997) ~[netty-common-4.1.105.Final.jar:4.1.105.Final]
	at io.netty.util.internal.ThreadExecutorMap$2.run(ThreadExecutorMap.java:74) ~[netty-common-4.1.105.Final.jar:4.1.105.Final]
	at io.netty.util.concurrent.FastThreadLocalRunnable.run(FastThreadLocalRunnable.java:30) ~[netty-common-4.1.105.Final.jar:4.1.105.Final]
	at java.base/java.lang.Thread.run(Thread.java:1447) ~[na:na]

2025-08-12T16:42:25.812+02:00  WARN 33384 --- [urlaub-process] [pool-3-thread-1] io.camunda.zeebe.client.job.poller       : Failed to activate jobs for worker urlaubGenehmigungWorker#urlaubAblehnen and job type urlaub-ablehnen

io.grpc.StatusRuntimeException: UNAVAILABLE: io exception
	at io.grpc.Status.asRuntimeException(Status.java:537) ~[grpc-api-1.60.0.jar:1.60.0]
	at io.grpc.stub.ClientCalls$StreamObserverToCallListenerAdapter.onClose(ClientCalls.java:481) ~[grpc-stub-1.60.0.jar:1.60.0]
	at io.grpc.internal.ClientCallImpl.closeObserver(ClientCallImpl.java:574) ~[grpc-core-1.60.0.jar:1.60.0]
	at io.grpc.internal.ClientCallImpl.access$300(ClientCallImpl.java:72) ~[grpc-core-1.60.0.jar:1.60.0]
	at io.grpc.internal.ClientCallImpl$ClientStreamListenerImpl$1StreamClosed.runInternal(ClientCallImpl.java:742) ~[grpc-core-1.60.0.jar:1.60.0]
	at io.grpc.internal.ClientCallImpl$ClientStreamListenerImpl$1StreamClosed.runInContext(ClientCallImpl.java:723) ~[grpc-core-1.60.0.jar:1.60.0]
	at io.grpc.internal.ContextRunnable.run(ContextRunnable.java:37) ~[grpc-core-1.60.0.jar:1.60.0]
	at io.grpc.internal.SerializingExecutor.run(SerializingExecutor.java:133) ~[grpc-core-1.60.0.jar:1.60.0]
	at java.base/java.util.concurrent.ThreadPoolExecutor.runWorker(ThreadPoolExecutor.java:1095) ~[na:na]
	at java.base/java.util.concurrent.ThreadPoolExecutor$Worker.run(ThreadPoolExecutor.java:619) ~[na:na]
	at java.base/java.lang.Thread.run(Thread.java:1447) ~[na:na]
Caused by: io.netty.channel.AbstractChannel$AnnotatedConnectException: Connection refused: getsockopt: /0.0.0.0:26500
Caused by: java.net.ConnectException: Connection refused: getsockopt
	at java.base/sun.nio.ch.Net.pollConnect(Native Method) ~[na:na]
	at java.base/sun.nio.ch.Net.pollConnectNow(Net.java:628) ~[na:na]
	at java.base/sun.nio.ch.SocketChannelImpl.finishConnect(SocketChannelImpl.java:1046) ~[na:na]
	at io.netty.channel.socket.nio.NioSocketChannel.doFinishConnect(NioSocketChannel.java:337) ~[netty-transport-4.1.105.Final.jar:4.1.105.Final]
	at io.netty.channel.nio.AbstractNioChannel$AbstractNioUnsafe.finishConnect(AbstractNioChannel.java:335) ~[netty-transport-4.1.105.Final.jar:4.1.105.Final]
	at io.netty.channel.nio.NioEventLoop.processSelectedKey(NioEventLoop.java:776) ~[netty-transport-4.1.105.Final.jar:4.1.105.Final]
	at io.netty.channel.nio.NioEventLoop.processSelectedKeysOptimized(NioEventLoop.java:724) ~[netty-transport-4.1.105.Final.jar:4.1.105.Final]
	at io.netty.channel.nio.NioEventLoop.processSelectedKeys(NioEventLoop.java:650) ~[netty-transport-4.1.105.Final.jar:4.1.105.Final]
	at io.netty.channel.nio.NioEventLoop.run(NioEventLoop.java:562) ~[netty-transport-4.1.105.Final.jar:4.1.105.Final]
	at io.netty.util.concurrent.SingleThreadEventExecutor$4.run(SingleThreadEventExecutor.java:997) ~[netty-common-4.1.105.Final.jar:4.1.105.Final]
	at io.netty.util.internal.ThreadExecutorMap$2.run(ThreadExecutorMap.java:74) ~[netty-common-4.1.105.Final.jar:4.1.105.Final]
	at io.netty.util.concurrent.FastThreadLocalRunnable.run(FastThreadLocalRunnable.java:30) ~[netty-common-4.1.105.Final.jar:4.1.105.Final]
	at java.base/java.lang.Thread.run(Thread.java:1447) ~[na:na]

2025-08-12T16:42:25.819+02:00  WARN 33384 --- [urlaub-process] [pool-3-thread-1] io.camunda.zeebe.client.job.poller       : Failed to activate jobs for worker mitarbeiterDatenWorker#getMitarbeiterDaten and job type get-mitarbeiter-daten

io.grpc.StatusRuntimeException: UNAVAILABLE: io exception
	at io.grpc.Status.asRuntimeException(Status.java:537) ~[grpc-api-1.60.0.jar:1.60.0]
	at io.grpc.stub.ClientCalls$StreamObserverToCallListenerAdapter.onClose(ClientCalls.java:481) ~[grpc-stub-1.60.0.jar:1.60.0]
	at io.grpc.internal.ClientCallImpl.closeObserver(ClientCallImpl.java:574) ~[grpc-core-1.60.0.jar:1.60.0]
	at io.grpc.internal.ClientCallImpl.access$300(ClientCallImpl.java:72) ~[grpc-core-1.60.0.jar:1.60.0]
	at io.grpc.internal.ClientCallImpl$ClientStreamListenerImpl$1StreamClosed.runInternal(ClientCallImpl.java:742) ~[grpc-core-1.60.0.jar:1.60.0]
	at io.grpc.internal.ClientCallImpl$ClientStreamListenerImpl$1StreamClosed.runInContext(ClientCallImpl.java:723) ~[grpc-core-1.60.0.jar:1.60.0]
	at io.grpc.internal.ContextRunnable.run(ContextRunnable.java:37) ~[grpc-core-1.60.0.jar:1.60.0]
	at io.grpc.internal.SerializingExecutor.run(SerializingExecutor.java:133) ~[grpc-core-1.60.0.jar:1.60.0]
	at java.base/java.util.concurrent.ThreadPoolExecutor.runWorker(ThreadPoolExecutor.java:1095) ~[na:na]
	at java.base/java.util.concurrent.ThreadPoolExecutor$Worker.run(ThreadPoolExecutor.java:619) ~[na:na]
	at java.base/java.lang.Thread.run(Thread.java:1447) ~[na:na]
Caused by: io.netty.channel.AbstractChannel$AnnotatedConnectException: Connection refused: getsockopt: /0.0.0.0:26500
Caused by: java.net.ConnectException: Connection refused: getsockopt
	at java.base/sun.nio.ch.Net.pollConnect(Native Method) ~[na:na]
	at java.base/sun.nio.ch.Net.pollConnectNow(Net.java:628) ~[na:na]
	at java.base/sun.nio.ch.SocketChannelImpl.finishConnect(SocketChannelImpl.java:1046) ~[na:na]
	at io.netty.channel.socket.nio.NioSocketChannel.doFinishConnect(NioSocketChannel.java:337) ~[netty-transport-4.1.105.Final.jar:4.1.105.Final]
	at io.netty.channel.nio.AbstractNioChannel$AbstractNioUnsafe.finishConnect(AbstractNioChannel.java:335) ~[netty-transport-4.1.105.Final.jar:4.1.105.Final]
	at io.netty.channel.nio.NioEventLoop.processSelectedKey(NioEventLoop.java:776) ~[netty-transport-4.1.105.Final.jar:4.1.105.Final]
	at io.netty.channel.nio.NioEventLoop.processSelectedKeysOptimized(NioEventLoop.java:724) ~[netty-transport-4.1.105.Final.jar:4.1.105.Final]
	at io.netty.channel.nio.NioEventLoop.processSelectedKeys(NioEventLoop.java:650) ~[netty-transport-4.1.105.Final.jar:4.1.105.Final]
	at io.netty.channel.nio.NioEventLoop.run(NioEventLoop.java:562) ~[netty-transport-4.1.105.Final.jar:4.1.105.Final]
	at io.netty.util.concurrent.SingleThreadEventExecutor$4.run(SingleThreadEventExecutor.java:997) ~[netty-common-4.1.105.Final.jar:4.1.105.Final]
	at io.netty.util.internal.ThreadExecutorMap$2.run(ThreadExecutorMap.java:74) ~[netty-common-4.1.105.Final.jar:4.1.105.Final]
	at io.netty.util.concurrent.FastThreadLocalRunnable.run(FastThreadLocalRunnable.java:30) ~[netty-common-4.1.105.Final.jar:4.1.105.Final]
	at java.base/java.lang.Thread.run(Thread.java:1447) ~[na:na]

2025-08-12T16:42:25.836+02:00  WARN 33384 --- [urlaub-process] [pool-3-thread-1] io.camunda.zeebe.client.job.poller       : Failed to activate jobs for worker urlaubGenehmigungWorker#urlaubGenehmigen and job type urlaub-genehmigen

io.grpc.StatusRuntimeException: UNAVAILABLE: io exception
	at io.grpc.Status.asRuntimeException(Status.java:537) ~[grpc-api-1.60.0.jar:1.60.0]
	at io.grpc.stub.ClientCalls$StreamObserverToCallListenerAdapter.onClose(ClientCalls.java:481) ~[grpc-stub-1.60.0.jar:1.60.0]
	at io.grpc.internal.ClientCallImpl.closeObserver(ClientCallImpl.java:574) ~[grpc-core-1.60.0.jar:1.60.0]
	at io.grpc.internal.ClientCallImpl.access$300(ClientCallImpl.java:72) ~[grpc-core-1.60.0.jar:1.60.0]
	at io.grpc.internal.ClientCallImpl$ClientStreamListenerImpl$1StreamClosed.runInternal(ClientCallImpl.java:742) ~[grpc-core-1.60.0.jar:1.60.0]
	at io.grpc.internal.ClientCallImpl$ClientStreamListenerImpl$1StreamClosed.runInContext(ClientCallImpl.java:723) ~[grpc-core-1.60.0.jar:1.60.0]
	at io.grpc.internal.ContextRunnable.run(ContextRunnable.java:37) ~[grpc-core-1.60.0.jar:1.60.0]
	at io.grpc.internal.SerializingExecutor.run(SerializingExecutor.java:133) ~[grpc-core-1.60.0.jar:1.60.0]
	at java.base/java.util.concurrent.ThreadPoolExecutor.runWorker(ThreadPoolExecutor.java:1095) ~[na:na]
	at java.base/java.util.concurrent.ThreadPoolExecutor$Worker.run(ThreadPoolExecutor.java:619) ~[na:na]
	at java.base/java.lang.Thread.run(Thread.java:1447) ~[na:na]
Caused by: io.netty.channel.AbstractChannel$AnnotatedConnectException: Connection refused: getsockopt: /0.0.0.0:26500
Caused by: java.net.ConnectException: Connection refused: getsockopt
	at java.base/sun.nio.ch.Net.pollConnect(Native Method) ~[na:na]
	at java.base/sun.nio.ch.Net.pollConnectNow(Net.java:628) ~[na:na]
	at java.base/sun.nio.ch.SocketChannelImpl.finishConnect(SocketChannelImpl.java:1046) ~[na:na]
	at io.netty.channel.socket.nio.NioSocketChannel.doFinishConnect(NioSocketChannel.java:337) ~[netty-transport-4.1.105.Final.jar:4.1.105.Final]
	at io.netty.channel.nio.AbstractNioChannel$AbstractNioUnsafe.finishConnect(AbstractNioChannel.java:335) ~[netty-transport-4.1.105.Final.jar:4.1.105.Final]
	at io.netty.channel.nio.NioEventLoop.processSelectedKey(NioEventLoop.java:776) ~[netty-transport-4.1.105.Final.jar:4.1.105.Final]
	at io.netty.channel.nio.NioEventLoop.processSelectedKeysOptimized(NioEventLoop.java:724) ~[netty-transport-4.1.105.Final.jar:4.1.105.Final]
	at io.netty.channel.nio.NioEventLoop.processSelectedKeys(NioEventLoop.java:650) ~[netty-transport-4.1.105.Final.jar:4.1.105.Final]
	at io.netty.channel.nio.NioEventLoop.run(NioEventLoop.java:562) ~[netty-transport-4.1.105.Final.jar:4.1.105.Final]
	at io.netty.util.concurrent.SingleThreadEventExecutor$4.run(SingleThreadEventExecutor.java:997) ~[netty-common-4.1.105.Final.jar:4.1.105.Final]
	at io.netty.util.internal.ThreadExecutorMap$2.run(ThreadExecutorMap.java:74) ~[netty-common-4.1.105.Final.jar:4.1.105.Final]
	at io.netty.util.concurrent.FastThreadLocalRunnable.run(FastThreadLocalRunnable.java:30) ~[netty-common-4.1.105.Final.jar:4.1.105.Final]
	at java.base/java.lang.Thread.run(Thread.java:1447) ~[na:na]

]]></system-out>
    <system-err><![CDATA[WARNING: A Java agent has been loaded dynamically (C:\Users\mengers\.m2\repository\net\bytebuddy\byte-buddy-agent\1.14.11\byte-buddy-agent-1.14.11.jar)
WARNING: If a serviceability tool is in use, please run with -XX:+EnableDynamicAgentLoading to hide this warning
WARNING: If a serviceability tool is not in use, please run with -Djdk.instrument.traceUsage for more information
WARNING: Dynamic loading of agents will be disallowed by default in a future release
]]></system-err>
  </testcase>
</testsuite>